d:\bureau\cours\uqac\projets\westworld\buckland_chapter2-state machines\westworldwithmessaging\debug\vc142.pdb
d:\bureau\cours\uqac\projets\westworld\buckland_chapter2-state machines\westworldwithmessaging\debug\vc142.idb
d:\bureau\cours\uqac\projets\westworld\buckland_chapter2-state machines\westworldwithmessaging\debug\minerswifeownedstates.sbr
d:\bureau\cours\uqac\projets\westworld\buckland_chapter2-state machines\westworldwithmessaging\debug\minerswife.sbr
d:\bureau\cours\uqac\projets\westworld\buckland_chapter2-state machines\westworldwithmessaging\debug\minerownedstates.sbr
d:\bureau\cours\uqac\projets\westworld\buckland_chapter2-state machines\westworldwithmessaging\debug\miner.sbr
d:\bureau\cours\uqac\projets\westworld\buckland_chapter2-state machines\westworldwithmessaging\debug\messagedispatcher.sbr
d:\bureau\cours\uqac\projets\westworld\buckland_chapter2-state machines\westworldwithmessaging\debug\main.sbr
d:\bureau\cours\uqac\projets\westworld\buckland_chapter2-state machines\westworldwithmessaging\debug\entitymanager.sbr
d:\bureau\cours\uqac\projets\westworld\buckland_chapter2-state machines\westworldwithmessaging\debug\drunkardownedstates.sbr
d:\bureau\cours\uqac\projets\westworld\buckland_chapter2-state machines\westworldwithmessaging\debug\drunkard.sbr
d:\bureau\cours\uqac\projets\westworld\buckland_chapter2-state machines\westworldwithmessaging\debug\basegameentity.sbr
d:\bureau\cours\uqac\projets\westworld\buckland_chapter2-state machines\westworldwithmessaging\debug\crudetimer.sbr
d:\bureau\cours\uqac\projets\westworld\buckland_chapter2-state machines\westworldwithmessaging\debug\crudetimer.obj
d:\bureau\cours\uqac\projets\westworld\buckland_chapter2-state machines\westworldwithmessaging\debug\basegameentity.obj
d:\bureau\cours\uqac\projets\westworld\buckland_chapter2-state machines\westworldwithmessaging\debug\drunkard.obj
d:\bureau\cours\uqac\projets\westworld\buckland_chapter2-state machines\westworldwithmessaging\debug\drunkardownedstates.obj
d:\bureau\cours\uqac\projets\westworld\buckland_chapter2-state machines\westworldwithmessaging\debug\entitymanager.obj
d:\bureau\cours\uqac\projets\westworld\buckland_chapter2-state machines\westworldwithmessaging\debug\messagedispatcher.obj
d:\bureau\cours\uqac\projets\westworld\buckland_chapter2-state machines\westworldwithmessaging\debug\miner.obj
d:\bureau\cours\uqac\projets\westworld\buckland_chapter2-state machines\westworldwithmessaging\debug\minerownedstates.obj
d:\bureau\cours\uqac\projets\westworld\buckland_chapter2-state machines\westworldwithmessaging\debug\minerswife.obj
d:\bureau\cours\uqac\projets\westworld\buckland_chapter2-state machines\westworldwithmessaging\debug\minerswifeownedstates.obj
d:\bureau\cours\uqac\projets\westworld\buckland_chapter2-state machines\westworldwithmessaging\debug\westworl.fd709a1f.tlog\cl.command.1.tlog
d:\bureau\cours\uqac\projets\westworld\buckland_chapter2-state machines\westworldwithmessaging\debug\westworl.fd709a1f.tlog\cl.read.1.tlog
d:\bureau\cours\uqac\projets\westworld\buckland_chapter2-state machines\westworldwithmessaging\debug\westworl.fd709a1f.tlog\cl.write.1.tlog
