d:\bureau\cours\uqac\projets\iawestworld\westworldwithmessaging\debug\vc142.pdb
d:\bureau\cours\uqac\projets\iawestworld\westworldwithmessaging\debug\vc142.idb
d:\bureau\cours\uqac\projets\iawestworld\westworldwithmessaging\debug\minerswifeownedstates.sbr
d:\bureau\cours\uqac\projets\iawestworld\westworldwithmessaging\debug\minerswife.sbr
d:\bureau\cours\uqac\projets\iawestworld\westworldwithmessaging\debug\minerownedstates.sbr
d:\bureau\cours\uqac\projets\iawestworld\westworldwithmessaging\debug\miner.sbr
d:\bureau\cours\uqac\projets\iawestworld\westworldwithmessaging\debug\messagedispatcher.sbr
d:\bureau\cours\uqac\projets\iawestworld\westworldwithmessaging\debug\main.sbr
d:\bureau\cours\uqac\projets\iawestworld\westworldwithmessaging\debug\entitymanager.sbr
d:\bureau\cours\uqac\projets\iawestworld\westworldwithmessaging\debug\basegameentity.sbr
d:\bureau\cours\uqac\projets\iawestworld\westworldwithmessaging\debug\basegameentity.obj
d:\bureau\cours\uqac\projets\iawestworld\westworldwithmessaging\debug\entitymanager.obj
d:\bureau\cours\uqac\projets\iawestworld\westworldwithmessaging\debug\main.obj
d:\bureau\cours\uqac\projets\iawestworld\westworldwithmessaging\debug\messagedispatcher.obj
d:\bureau\cours\uqac\projets\iawestworld\westworldwithmessaging\debug\miner.obj
d:\bureau\cours\uqac\projets\iawestworld\westworldwithmessaging\debug\minerownedstates.obj
d:\bureau\cours\uqac\projets\iawestworld\westworldwithmessaging\debug\minerswife.obj
d:\bureau\cours\uqac\projets\iawestworld\westworldwithmessaging\debug\minerswifeownedstates.obj
d:\bureau\cours\uqac\projets\iawestworld\westworldwithmessaging\debug\westworl.ee1e5022.tlog\cl.command.1.tlog
d:\bureau\cours\uqac\projets\iawestworld\westworldwithmessaging\debug\westworl.ee1e5022.tlog\cl.read.1.tlog
d:\bureau\cours\uqac\projets\iawestworld\westworldwithmessaging\debug\westworl.ee1e5022.tlog\cl.write.1.tlog
